2022-04-24 17:28:34,957 - Recorder - INFO - 启动Zoom
2022-04-24 17:29:04,693 - Recorder - INFO - 启动Zoom
2022-04-24 17:29:24,362 - Recorder - INFO - OBS Studio未运行
2022-04-24 17:29:24,365 - Recorder - INFO - 启动OBS Studio
2022-04-24 17:30:59,310 - Recorder - INFO - 启动OBS Studio
2022-04-24 17:30:59,513 - Recorder - INFO - 启动Zoom
2022-04-24 17:32:13,631 - Recorder - INFO - OBS Studio未运行
2022-04-24 17:32:13,632 - Recorder - INFO - 启动OBS Studio
2022-04-24 17:32:13,820 - Recorder - INFO - 启动Zoom
2022-04-24 17:32:24,294 - Recorder - INFO - 启动Zoom
2022-04-24 17:32:32,512 - Recorder - INFO - 启动Zoom
2022-04-24 17:32:37,218 - Recorder - INFO - OBS Studio未运行
2022-04-24 17:32:37,218 - Recorder - INFO - 启动OBS Studio
2022-04-24 17:32:37,423 - Recorder - INFO - 启动Zoom
2022-04-24 17:36:27,958 - Recorder - INFO - OBS Studio未运行
2022-04-24 17:36:27,958 - Recorder - INFO - 启动OBS Studio
2022-04-24 17:36:28,165 - Recorder - INFO - 启动Zoom
2022-04-24 17:36:29,129 - Recorder - INFO - 程序启动成功，5秒后继续
2022-04-24 17:36:37,397 - Recorder - INFO - OBS Studio未运行
2022-04-24 17:36:37,398 - Recorder - INFO - 启动OBS Studio
2022-04-24 17:36:37,594 - Recorder - INFO - 启动Zoom
2022-04-24 17:36:38,089 - Recorder - INFO - 程序启动成功，5秒后继续
2022-04-24 17:53:12,949 - Recorder - INFO - 启动Zoom
2022-04-24 17:53:13,611 - Recorder - INFO - 程序启动成功，5秒后继续
2022-04-24 17:57:27,748 - Recorder - INFO - 启动Zoom
2022-04-24 17:57:28,226 - Recorder - INFO - 程序启动成功，5秒后继续
2022-04-24 18:00:23,203 - Recorder - INFO - 启动Zoom
2022-04-24 18:00:23,840 - Recorder - INFO - 程序启动成功，5秒后继续
2022-04-24 18:01:18,336 - Recorder - INFO - 启动Zoom
2022-04-24 18:01:18,821 - Recorder - INFO - 程序启动成功，5秒后继续
2022-04-24 18:01:23,822 - Recorder - INFO - 程序窗口检测结束，启动成功
2022-04-24 18:01:23,823 - Recorder - INFO - 尝试最大化前置Zoom
2022-04-24 18:01:59,939 - Recorder - INFO - 启动Zoom
2022-04-24 18:02:00,626 - Recorder - INFO - 程序启动成功，5秒后继续
2022-04-24 18:11:55,674 - Recorder - INFO - 启动Zoom
2022-04-24 18:11:56,617 - Recorder - INFO - 程序启动成功，5秒后继续
2022-04-24 18:12:01,621 - Recorder - INFO - 程序窗口检测结束，启动成功
2022-04-24 18:12:01,622 - Recorder - INFO - 尝试最大化前置Zoom
2022-04-24 18:15:45,783 - Recorder - INFO - 启动Zoom
2022-04-24 18:15:46,601 - Recorder - INFO - 程序启动成功，5秒后继续
2022-04-24 18:15:51,613 - Recorder - INFO - 程序窗口检测结束，启动成功
2022-04-24 18:15:51,613 - Recorder - INFO - 尝试最大化前置Zoom
2022-04-24 18:15:51,615 - Recorder - INFO - 句柄管理模块 实例化成功
2022-04-24 18:17:51,809 - Recorder - INFO - 启动Zoom
2022-04-24 18:17:52,405 - Recorder - INFO - 程序启动成功，5秒后继续
2022-04-24 18:17:57,424 - Recorder - INFO - 程序窗口检测结束，启动成功
2022-04-24 18:17:57,425 - Recorder - INFO - 尝试最大化前置Zoom
2022-04-24 18:17:57,427 - Recorder - INFO - 句柄管理模块 实例化成功
2022-04-24 18:21:27,988 - Recorder - INFO - 启动Zoom
2022-04-24 18:21:28,690 - Recorder - INFO - 程序启动成功，5秒后继续
2022-04-24 18:21:33,694 - Recorder - INFO - 程序窗口检测结束，启动成功
2022-04-24 18:21:33,695 - Recorder - INFO - 尝试最大化前置Zoom
2022-04-24 18:21:33,696 - Recorder - INFO - 句柄管理模块 实例化成功
2022-04-24 18:21:33,697 - Recorder - INFO - 正在检查当前页面配置
2022-04-24 18:22:28,686 - Recorder - INFO - 启动Zoom
2022-04-24 18:22:29,517 - Recorder - INFO - 程序启动成功，5秒后继续
2022-04-24 18:22:34,524 - Recorder - INFO - 程序窗口检测结束，启动成功
2022-04-24 18:22:34,527 - Recorder - INFO - 尝试最大化前置Zoom
2022-04-24 18:22:34,528 - Recorder - INFO - 句柄管理模块 实例化成功
2022-04-24 18:22:34,529 - Recorder - INFO - 正在检查当前页面配置
2022-04-24 18:23:22,597 - Recorder - INFO - 启动Zoom
2022-04-24 18:23:23,297 - Recorder - INFO - 程序启动成功，5秒后继续
2022-04-24 18:23:28,300 - Recorder - INFO - 程序窗口检测结束，启动成功
2022-04-24 18:23:28,301 - Recorder - INFO - 尝试最大化前置Zoom
2022-04-24 18:23:28,303 - Recorder - INFO - 句柄管理模块 实例化成功
2022-04-24 18:23:28,303 - Recorder - INFO - 正在检查当前页面配置
2022-04-24 18:24:59,949 - Recorder - INFO - 启动Zoom
2022-04-24 18:25:00,797 - Recorder - INFO - 程序启动成功，5秒后继续
2022-04-24 18:25:05,806 - Recorder - INFO - 程序窗口检测结束，启动成功
2022-04-24 18:25:05,807 - Recorder - INFO - 尝试最大化前置Zoom
2022-04-24 18:25:05,814 - Recorder - INFO - 句柄管理模块 实例化成功
2022-04-24 18:25:05,816 - Recorder - INFO - 正在检查当前页面配置
2022-04-24 18:25:06,181 - Recorder - INFO - 当前页面正确的可能性为: 100.00%
2022-04-24 18:26:45,765 - Recorder - INFO - 启动Zoom
2022-04-24 18:26:46,316 - Recorder - INFO - 程序启动成功，5秒后继续
2022-04-24 18:26:51,327 - Recorder - INFO - 程序窗口检测结束，启动成功
2022-04-24 18:26:51,331 - Recorder - INFO - 尝试最大化前置Zoom
2022-04-24 18:26:51,374 - Recorder - INFO - 句柄管理模块 实例化成功
2022-04-24 18:26:51,379 - Recorder - INFO - 正在检查当前页面配置
2022-04-24 18:26:51,751 - Recorder - INFO - 当前页面处于主页的可能性为: 100.00%
2022-04-24 18:29:17,682 - Recorder - INFO - 启动Zoom
2022-04-24 18:29:18,417 - Recorder - INFO - 程序启动成功，5秒后继续
2022-04-24 18:29:23,420 - Recorder - INFO - 程序窗口检测结束，启动成功
2022-04-24 18:29:23,420 - Recorder - INFO - 尝试最大化前置Zoom
2022-04-24 18:29:23,422 - Recorder - INFO - 句柄管理模块 实例化成功
2022-04-24 18:29:23,422 - Recorder - INFO - 正在检查当前页面配置
2022-04-24 18:29:23,708 - Recorder - INFO - 当前页面处于主页的可能性为: 100.00%
2022-04-24 18:30:12,655 - Recorder - INFO - 启动Zoom
2022-04-24 18:30:13,476 - Recorder - INFO - 程序启动成功，5秒后继续
2022-04-24 18:30:18,479 - Recorder - INFO - 程序窗口检测结束，启动成功
2022-04-24 18:30:18,479 - Recorder - INFO - 尝试最大化前置Zoom
2022-04-24 18:30:18,481 - Recorder - INFO - 句柄管理模块 实例化成功
2022-04-24 18:30:18,482 - Recorder - INFO - 正在检查当前页面配置
2022-04-24 18:30:18,732 - Recorder - INFO - 当前页面处于主页的可能性为: 100.00%
2022-04-24 18:48:46,679 - Recorder - INFO - 启动Zoom
2022-04-24 18:48:47,185 - Recorder - INFO - 程序启动成功，5秒后继续
2022-04-24 18:48:52,190 - Recorder - INFO - 程序窗口检测结束，启动成功
2022-04-24 18:48:52,191 - Recorder - INFO - 尝试最大化前置Zoom
2022-04-24 18:48:52,192 - Recorder - INFO - 句柄管理模块 实例化成功
2022-04-24 18:48:52,192 - Recorder - INFO - 正在检查当前页面配置
2022-04-24 18:48:52,477 - Recorder - INFO - 当前页面处于主页的可能性为: 100.00%
2022-04-24 18:48:52,562 - Recorder - INFO - 点击成功，等待3秒
2022-04-24 18:52:09,624 - Recorder - INFO - 启动Zoom
2022-04-24 18:52:10,006 - Recorder - INFO - 程序启动成功，5秒后继续
2022-04-24 18:52:15,008 - Recorder - INFO - 程序窗口检测结束，启动成功
2022-04-24 18:52:15,008 - Recorder - INFO - 尝试最大化前置Zoom
2022-04-24 18:52:15,009 - Recorder - INFO - 句柄管理模块 实例化成功
2022-04-24 18:52:15,009 - Recorder - INFO - 正在检查当前页面配置
2022-04-24 18:52:15,282 - Recorder - INFO - 当前页面处于主页的可能性为: 100.00%
2022-04-24 18:52:15,345 - Recorder - INFO - 点击成功，等待3秒
2022-04-24 18:52:37,617 - Recorder - INFO - 启动Zoom
2022-04-24 18:52:38,132 - Recorder - INFO - 程序启动成功，5秒后继续
2022-04-24 18:52:43,135 - Recorder - INFO - 程序窗口检测结束，启动成功
2022-04-24 18:52:43,135 - Recorder - INFO - 尝试最大化前置Zoom
2022-04-24 18:52:43,137 - Recorder - INFO - 句柄管理模块 实例化成功
2022-04-24 18:52:43,137 - Recorder - INFO - 正在检查当前页面配置
2022-04-24 18:52:43,396 - Recorder - INFO - 当前页面处于主页的可能性为: 100.00%
2022-04-24 18:52:43,438 - Recorder - INFO - 点击成功，等待3秒
2022-04-24 18:52:46,439 - Recorder - INFO - 程序窗口检测结束，启动成功
2022-04-24 18:54:30,458 - Recorder - INFO - 启动Zoom
2022-04-24 18:54:30,964 - Recorder - INFO - 程序启动成功，5秒后继续
2022-04-24 18:54:35,968 - Recorder - INFO - 程序窗口检测结束，启动成功
2022-04-24 18:54:35,969 - Recorder - INFO - 尝试最大化前置Zoom
2022-04-24 18:54:35,969 - Recorder - INFO - 句柄管理模块 实例化成功
2022-04-24 18:54:35,969 - Recorder - INFO - 正在检查当前页面配置
2022-04-24 18:54:36,259 - Recorder - INFO - 当前页面处于主页的可能性为: 100.00%
2022-04-24 18:54:36,340 - Recorder - INFO - 点击成功，等待3秒
2022-04-24 18:54:39,340 - Recorder - INFO - 程序窗口检测结束，启动成功
2022-04-24 18:55:07,851 - Recorder - INFO - 启动Zoom
2022-04-24 18:55:08,359 - Recorder - INFO - 程序启动成功，5秒后继续
2022-04-24 18:55:13,361 - Recorder - INFO - 程序窗口检测结束，启动成功
2022-04-24 18:55:13,362 - Recorder - INFO - 尝试最大化前置Zoom
2022-04-24 18:55:13,363 - Recorder - INFO - 句柄管理模块 实例化成功
2022-04-24 18:55:13,364 - Recorder - INFO - 正在检查当前页面配置
2022-04-24 18:55:13,629 - Recorder - INFO - 当前页面处于主页的可能性为: 100.00%
2022-04-24 18:55:13,668 - Recorder - INFO - 点击成功，等待3秒
2022-04-24 18:55:16,671 - Recorder - INFO - 程序窗口检测结束，启动成功
2022-04-24 18:55:51,078 - Recorder - INFO - 启动Zoom
2022-04-24 18:55:51,644 - Recorder - INFO - 程序启动成功，5秒后继续
2022-04-24 18:55:56,647 - Recorder - INFO - 程序窗口检测结束，启动成功
2022-04-24 18:55:56,647 - Recorder - INFO - 尝试最大化前置Zoom
2022-04-24 18:55:56,649 - Recorder - INFO - 句柄管理模块 实例化成功
2022-04-24 18:55:56,649 - Recorder - INFO - 正在检查当前页面配置
2022-04-24 18:55:56,906 - Recorder - INFO - 当前页面处于主页的可能性为: 100.00%
2022-04-24 18:55:56,958 - Recorder - INFO - 点击成功，等待3秒
2022-04-24 18:55:59,960 - Recorder - INFO - 程序窗口检测结束，启动成功
2022-04-24 18:59:00,747 - Recorder - INFO - 启动Zoom
2022-04-24 18:59:01,362 - Recorder - INFO - 程序启动成功，5秒后继续
2022-04-24 18:59:06,364 - Recorder - INFO - 程序窗口检测结束，启动成功
2022-04-24 18:59:06,364 - Recorder - INFO - 尝试最大化前置Zoom
2022-04-24 18:59:06,365 - Recorder - INFO - 句柄管理模块 实例化成功
2022-04-24 18:59:06,365 - Recorder - INFO - 正在检查当前页面配置
2022-04-24 18:59:06,686 - Recorder - INFO - 当前页面处于主页的可能性为: 100.00%
2022-04-24 18:59:06,748 - Recorder - INFO - 点击成功，等待3秒
2022-04-24 18:59:09,750 - Recorder - INFO - 程序窗口检测结束，启动成功
2022-04-24 19:01:28,197 - Recorder - INFO - 启动Zoom
2022-04-24 19:01:28,771 - Recorder - INFO - 程序启动成功，5秒后继续
2022-04-24 19:01:33,774 - Recorder - INFO - 程序窗口检测结束，启动成功
2022-04-24 19:01:33,774 - Recorder - INFO - 尝试最大化前置Zoom
2022-04-24 19:01:33,775 - Recorder - INFO - 句柄管理模块 实例化成功
2022-04-24 19:01:33,775 - Recorder - INFO - 正在检查当前页面配置
2022-04-24 19:01:34,067 - Recorder - INFO - 当前页面处于主页的可能性为: 100.00%
2022-04-24 19:01:34,110 - Recorder - INFO - 点击成功，等待3秒
2022-04-24 19:01:37,112 - Recorder - INFO - 程序窗口检测结束，启动成功
2022-04-24 19:01:37,112 - Recorder - INFO - 正在输入会议号
2022-04-24 19:01:43,321 - Recorder - INFO - 正在输入会议密码
2022-04-24 19:02:11,780 - Recorder - INFO - OBS Studio未运行
2022-04-24 19:02:11,780 - Recorder - INFO - 启动OBS Studio
2022-04-24 19:02:11,995 - Recorder - INFO - 启动Zoom
2022-04-24 19:02:12,993 - Recorder - INFO - 程序启动成功，5秒后继续
2022-04-24 19:02:17,999 - Recorder - INFO - 程序窗口检测结束，启动成功
2022-04-24 19:02:18,003 - Recorder - INFO - 尝试最大化前置Zoom
2022-04-24 19:02:18,444 - Recorder - INFO - 句柄管理模块 实例化成功
2022-04-24 19:02:18,447 - Recorder - INFO - 正在检查当前页面配置
2022-04-24 19:02:19,084 - Recorder - INFO - 当前页面处于主页的可能性为: 28.23%
2022-04-24 19:03:13,182 - Recorder - INFO - 启动Zoom
2022-04-24 19:03:14,196 - Recorder - INFO - 程序启动成功，5秒后继续
2022-04-24 19:03:22,200 - Recorder - INFO - 程序窗口检测结束，启动成功
2022-04-24 19:03:22,200 - Recorder - INFO - 尝试最大化前置Zoom
2022-04-24 19:03:22,209 - Recorder - INFO - 句柄管理模块 实例化成功
2022-04-24 19:03:22,210 - Recorder - INFO - 正在检查当前页面配置
2022-04-24 19:03:22,758 - Recorder - INFO - 当前页面处于主页的可能性为: 32.85%
2022-04-24 19:03:31,618 - Recorder - INFO - 启动Zoom
2022-04-24 19:03:32,615 - Recorder - INFO - 程序启动成功，5秒后继续
2022-04-24 19:03:37,616 - Recorder - INFO - 程序窗口检测结束，启动成功
2022-04-24 19:03:37,617 - Recorder - INFO - 尝试最大化前置Zoom
2022-04-24 19:03:37,617 - Recorder - INFO - 句柄管理模块 实例化成功
2022-04-24 19:03:37,617 - Recorder - INFO - 正在检查当前页面配置
2022-04-24 19:03:37,893 - Recorder - INFO - 当前页面处于主页的可能性为: 100.00%
2022-04-24 19:03:37,929 - Recorder - INFO - 点击成功，等待3秒
2022-04-24 19:03:40,930 - Recorder - INFO - 程序窗口检测结束，启动成功
2022-04-24 19:03:40,931 - Recorder - INFO - 正在输入会议号
2022-04-24 19:03:46,139 - Recorder - INFO - 等待5秒
2022-04-24 19:03:51,139 - Recorder - INFO - 正在输入会议密码
2022-04-24 19:05:23,395 - Recorder - INFO - 启动Zoom
2022-04-24 19:05:24,363 - Recorder - INFO - 程序启动成功，5秒后继续
2022-04-24 19:05:30,959 - Recorder - INFO - OBS Studio未运行
2022-04-24 19:05:30,959 - Recorder - INFO - 启动OBS Studio
2022-04-24 19:05:31,153 - Recorder - INFO - 启动Zoom
2022-04-24 19:05:32,182 - Recorder - INFO - 程序启动成功，5秒后继续
2022-04-24 19:05:37,186 - Recorder - INFO - 程序窗口检测结束，启动成功
2022-04-24 19:05:37,191 - Recorder - INFO - 开始监测程序启动进度
2022-04-24 19:05:38,631 - Recorder - INFO - 尝试最大化前置Zoom
2022-04-24 19:05:38,690 - Recorder - INFO - 句柄管理模块 实例化成功
2022-04-24 19:05:38,693 - Recorder - INFO - 正在检查当前页面配置
2022-04-24 19:05:38,917 - Recorder - INFO - 当前页面处于主页的可能性为: 100.00%
2022-04-24 19:05:38,995 - Recorder - INFO - 点击成功，等待3秒
2022-04-24 19:05:42,019 - Recorder - INFO - 程序窗口检测结束，启动成功
2022-04-24 19:05:42,114 - Recorder - INFO - 正在输入会议号
2022-04-24 19:06:02,547 - Recorder - INFO - OBS Studio未运行
2022-04-24 19:06:02,548 - Recorder - INFO - 启动OBS Studio
2022-04-24 19:06:02,751 - Recorder - INFO - 启动Zoom
2022-04-24 19:06:03,781 - Recorder - INFO - 程序启动成功
2022-04-24 19:06:38,005 - Recorder - INFO - OBS Studio未运行
2022-04-24 19:06:38,006 - Recorder - INFO - 启动OBS Studio
2022-04-24 19:06:38,218 - Recorder - INFO - 启动Zoom
2022-04-24 19:06:38,977 - Recorder - INFO - 程序启动成功，5秒后继续
2022-04-24 19:06:43,992 - Recorder - INFO - 程序窗口检测结束，启动成功
2022-04-24 19:06:43,996 - Recorder - INFO - 开始监测程序启动进度
2022-04-24 19:06:44,194 - Recorder - INFO - 尝试最大化前置Zoom
2022-04-24 19:06:44,249 - Recorder - INFO - 句柄管理模块 实例化成功
2022-04-24 19:06:44,250 - Recorder - INFO - 正在检查当前页面配置
2022-04-24 19:06:44,497 - Recorder - INFO - 当前页面处于主页的可能性为: 100.00%
2022-04-24 19:06:44,578 - Recorder - INFO - 点击成功，等待3秒
2022-04-24 19:06:47,589 - Recorder - INFO - 程序窗口检测结束，启动成功
2022-04-24 19:06:47,637 - Recorder - INFO - 正在输入会议号
2022-04-24 19:06:52,986 - Recorder - INFO - 等待5秒
2022-04-24 19:07:43,826 - Recorder - INFO - 启动Zoom
2022-04-24 19:07:44,683 - Recorder - INFO - 程序启动成功，5秒后继续
2022-04-24 19:07:52,827 - Recorder - INFO - OBS Studio未运行
2022-04-24 19:07:52,827 - Recorder - INFO - 启动OBS Studio
2022-04-24 19:07:53,082 - Recorder - INFO - 启动Zoom
2022-04-24 19:07:53,974 - Recorder - INFO - 程序启动成功，5秒后继续
2022-04-24 19:07:58,978 - Recorder - INFO - 程序窗口检测结束，启动成功
2022-04-24 19:07:58,980 - Recorder - INFO - 开始监测程序启动进度
2022-04-24 19:07:59,152 - Recorder - INFO - 尝试最大化前置Zoom
2022-04-24 19:07:59,222 - Recorder - INFO - 句柄管理模块 实例化成功
2022-04-24 19:07:59,247 - Recorder - INFO - 正在检查当前页面配置
2022-04-24 19:07:59,498 - Recorder - INFO - 当前页面处于主页的可能性为: 100.00%
2022-04-24 19:07:59,579 - Recorder - INFO - 点击成功，等待3秒
2022-04-24 19:08:02,601 - Recorder - INFO - 程序窗口检测结束，启动成功
2022-04-24 19:08:02,723 - Recorder - INFO - 正在输入会议号
2022-04-24 19:10:16,093 - Recorder - INFO - 启动Zoom
2022-04-24 19:10:17,097 - Recorder - INFO - 程序启动成功，5秒后继续
2022-04-24 19:10:22,100 - Recorder - INFO - 程序窗口检测结束，启动成功
2022-04-24 19:10:22,100 - Recorder - INFO - 开始监测程序启动进度
2022-04-24 19:10:22,434 - Recorder - INFO - 尝试最大化前置Zoom
2022-04-24 19:10:22,435 - Recorder - INFO - 句柄管理模块 实例化成功
2022-04-24 19:10:22,435 - Recorder - INFO - 正在检查当前页面配置
2022-04-24 19:10:22,726 - Recorder - INFO - 当前页面处于主页的可能性为: 100.00%
2022-04-24 19:10:22,769 - Recorder - INFO - 点击成功，等待3秒
2022-04-24 19:10:25,784 - Recorder - INFO - 当前页面处于会议填写页面的可能性为: 100.00%
2022-04-24 19:10:25,784 - Recorder - INFO - 正在输入会议号
2022-04-24 19:10:30,992 - Recorder - INFO - 等待5秒
2022-04-24 19:10:35,993 - Recorder - INFO - 正在输入会议密码
2022-04-24 19:11:27,824 - Recorder - INFO - OBS Studio未运行
2022-04-24 19:11:27,825 - Recorder - INFO - 启动OBS Studio
2022-04-24 19:11:28,024 - Recorder - INFO - 启动Zoom
2022-04-24 19:11:28,988 - Recorder - INFO - 程序启动成功，5秒后继续
2022-04-24 19:11:33,990 - Recorder - INFO - 程序窗口检测结束，启动成功
2022-04-24 19:11:33,990 - Recorder - INFO - 开始监测程序启动进度
2022-04-24 19:12:08,341 - Recorder - INFO - OBS Studio未运行
2022-04-24 19:12:08,342 - Recorder - INFO - 启动OBS Studio
2022-04-24 19:12:08,550 - Recorder - INFO - 启动Zoom
2022-04-24 19:12:09,528 - Recorder - INFO - 程序启动成功，5秒后继续
2022-04-24 19:12:14,531 - Recorder - INFO - 程序窗口检测结束，启动成功
2022-04-24 19:12:14,533 - Recorder - INFO - 开始监测程序启动进度
2022-04-24 19:12:14,791 - Recorder - INFO - 开始录制
2022-04-24 19:12:14,791 - Recorder - INFO - 尝试最大化前置Zoom
2022-04-24 19:12:14,843 - Recorder - INFO - 句柄管理模块 实例化成功
2022-04-24 19:12:14,844 - Recorder - INFO - 正在检查当前页面配置
2022-04-24 19:12:15,075 - Recorder - INFO - 当前页面处于主页的可能性为: 100.00%
2022-04-24 19:12:15,143 - Recorder - INFO - 点击成功，等待3秒
2022-04-24 19:12:18,240 - Recorder - INFO - 当前页面处于会议填写页面的可能性为: 100.00%
2022-04-24 19:12:18,286 - Recorder - INFO - 正在输入会议号
2022-04-24 19:12:23,698 - Recorder - INFO - 等待5秒
2022-04-24 19:12:28,713 - Recorder - INFO - 正在输入会议密码
2022-04-24 19:13:25,653 - Recorder - INFO - OBS Studio未运行
2022-04-24 19:13:25,653 - Recorder - INFO - 启动OBS Studio
2022-04-24 19:13:25,868 - Recorder - INFO - 启动Zoom
2022-04-24 19:13:26,896 - Recorder - INFO - 程序启动成功，5秒后继续
2022-04-24 19:13:34,191 - Recorder - INFO - OBS Studio未运行
2022-04-24 19:13:34,191 - Recorder - INFO - 启动OBS Studio
2022-04-24 19:13:34,430 - Recorder - INFO - 启动Zoom
2022-04-24 19:13:35,135 - Recorder - INFO - 程序启动成功，5秒后继续
2022-04-24 19:13:40,138 - Recorder - INFO - 程序窗口检测结束，启动成功
2022-04-24 19:13:40,252 - Recorder - INFO - 开始监测程序启动进度
2022-04-24 19:13:41,697 - Recorder - INFO - 开始录制7
2022-04-24 19:13:41,697 - Recorder - INFO - 尝试最大化前置Zoom
2022-04-24 19:13:41,752 - Recorder - INFO - 句柄管理模块 实例化成功
2022-04-24 19:13:41,759 - Recorder - INFO - 正在检查当前页面配置
2022-04-24 19:13:41,962 - Recorder - INFO - 当前页面处于主页的可能性为: 100.00%
2022-04-24 19:13:42,042 - Recorder - INFO - 点击成功，等待5秒
2022-04-24 19:13:47,060 - Recorder - INFO - 当前页面处于会议填写页面的可能性为: 100.00%
2022-04-24 19:13:47,061 - Recorder - INFO - 正在输入会议号
2022-04-24 19:13:52,270 - Recorder - INFO - 等待5秒
2022-04-24 19:13:57,271 - Recorder - INFO - 正在输入会议密码
2022-04-24 19:15:18,208 - Recorder - INFO - OBS Studio未运行
2022-04-24 19:15:18,208 - Recorder - INFO - 启动OBS Studio
2022-04-24 19:15:18,382 - Recorder - INFO - 启动Zoom
2022-04-24 19:15:19,084 - Recorder - INFO - 程序启动成功，5秒后继续
2022-04-24 19:15:24,085 - Recorder - INFO - 程序窗口检测结束，启动成功
2022-04-24 19:15:24,218 - Recorder - INFO - 开始监测程序启动进度
2022-04-24 19:15:25,659 - Recorder - INFO - 开始录制7
2022-04-24 19:15:25,659 - Recorder - INFO - 尝试最大化前置Zoom
2022-04-24 19:15:25,712 - Recorder - INFO - 句柄管理模块 实例化成功
2022-04-24 19:15:25,713 - Recorder - INFO - 正在检查当前页面配置
2022-04-24 19:15:25,924 - Recorder - INFO - 当前页面处于主页的可能性为: 100.00%
2022-04-24 19:15:25,976 - Recorder - INFO - 点击成功，等待5秒
2022-04-24 19:15:30,988 - Recorder - INFO - 当前页面处于会议填写页面的可能性为: 100.00%
2022-04-24 19:15:30,988 - Recorder - INFO - 正在输入会议号
2022-04-24 19:15:36,208 - Recorder - INFO - 等待5秒
2022-04-24 19:15:41,242 - Recorder - INFO - 正在输入会议密码
2022-04-27 11:48:57,794 - Recorder - INFO - OBS Studio未运行
2022-04-27 11:48:57,795 - Recorder - INFO - 启动OBS Studio
2022-04-27 11:48:57,960 - Recorder - INFO - 启动Zoom
2022-04-27 11:48:59,563 - Recorder - INFO - 程序启动成功，5秒后继续
2022-04-27 11:51:21,776 - Recorder - INFO - OBS Studio未运行
2022-04-27 11:51:21,776 - Recorder - INFO - 启动OBS Studio
2022-04-27 11:51:21,972 - Recorder - INFO - 启动Zoom
2022-04-27 11:51:22,486 - Recorder - INFO - 程序启动成功，5秒后继续
2022-04-27 11:51:27,489 - Recorder - INFO - 程序窗口检测结束，启动成功
2022-04-27 11:51:27,631 - Recorder - INFO - 开始监测程序启动进度
2022-04-27 11:51:29,105 - Recorder - INFO - 开始录制
2022-04-27 11:51:29,106 - Recorder - INFO - 尝试最大化前置Zoom
2022-04-27 11:51:29,149 - Recorder - INFO - 句柄管理模块 实例化成功
2022-04-27 11:51:29,164 - Recorder - INFO - 正在检查当前页面配置
2022-04-27 11:51:29,448 - Recorder - INFO - 当前页面处于主页的可能性为: 100.00%
2022-04-27 11:51:29,486 - Recorder - INFO - 点击成功，等待5秒
2022-04-27 11:51:34,515 - Recorder - INFO - 当前页面处于会议填写页面的可能性为: 100.00%
2022-04-27 11:51:34,521 - Recorder - INFO - 正在输入会议号
2022-04-27 11:51:39,737 - Recorder - INFO - 等待5秒
2022-04-27 12:04:36,479 - Recorder - INFO - OBS Studio未运行
2022-04-27 12:04:36,479 - Recorder - INFO - 启动OBS Studio
2022-04-27 12:04:36,635 - Recorder - INFO - 启动Zoom
2022-04-27 12:04:37,142 - Recorder - INFO - 程序启动成功，5秒后继续
2022-04-27 12:04:42,151 - Recorder - INFO - 程序窗口检测结束，启动成功
2022-04-27 12:04:42,252 - Recorder - INFO - 开始监测程序启动进度
2022-04-27 12:04:42,531 - Recorder - INFO - 开始录制
2022-04-27 12:04:42,532 - Recorder - INFO - 尝试最大化前置Zoom
2022-04-27 12:04:42,533 - Recorder - INFO - 句柄管理模块 实例化成功
2022-04-27 12:04:42,534 - Recorder - INFO - 正在检查当前页面配置
2022-04-27 12:04:42,788 - Recorder - INFO - 当前页面处于主页的可能性为: 100.00%
2022-04-27 12:04:42,854 - Recorder - INFO - 点击成功，等待5秒
2022-04-27 12:13:50,306 - Recorder - INFO - OBS Studio未运行
2022-04-27 12:13:50,306 - Recorder - INFO - 启动OBS Studio
2022-04-27 12:13:50,462 - Recorder - INFO - 启动Zoom
2022-04-27 12:13:51,212 - Recorder - INFO - 程序启动成功，5秒后继续
2022-04-27 12:13:56,214 - Recorder - INFO - 程序窗口检测结束，启动成功
2022-04-27 12:13:56,215 - Recorder - INFO - 开始监测程录屏软件启动进程
2022-04-27 12:13:56,318 - Recorder - INFO - OBS窗口检测启动成功
2022-04-27 12:13:56,420 - Recorder - INFO - OBS开始录制
2022-04-27 12:13:56,420 - Recorder - INFO - 开始监测Zoom程序启动进度
2022-04-27 12:13:56,587 - Recorder - INFO - 正在检查Zoom当前页面
2022-04-27 12:13:56,720 - Recorder - INFO - 当前页面处于主页的可能性为: 100.00%
2022-04-27 12:13:56,721 - Recorder - INFO - 最大化前置Zoom
2022-04-27 12:13:56,841 - Recorder - INFO - 点击成功，等待5秒
2022-04-27 12:14:01,853 - Recorder - INFO - 当前页面处于会议填写页面的可能性为: 100.00%
2022-04-27 12:14:01,853 - Recorder - INFO - 正在输入会议号
2022-04-27 12:14:07,061 - Recorder - INFO - 等待5秒
2022-04-27 12:14:12,068 - Recorder - INFO - 当前页面处于密码填写页面的可能性为: 0.00%
2022-04-27 12:14:13,083 - Recorder - INFO - 当前页面处于密码填写页面的可能性为: 0.00%
2022-04-27 12:14:14,091 - Recorder - INFO - 当前页面处于密码填写页面的可能性为: 0.00%
2022-04-27 12:14:15,102 - Recorder - INFO - 当前页面处于密码填写页面的可能性为: 0.00%
2022-04-27 12:14:16,117 - Recorder - INFO - 当前页面处于密码填写页面的可能性为: 0.00%
2022-04-27 12:14:17,130 - Recorder - INFO - 当前页面处于密码填写页面的可能性为: 0.00%
2022-04-27 12:14:18,147 - Recorder - INFO - 当前页面处于密码填写页面的可能性为: 0.00%
2022-04-27 12:14:19,161 - Recorder - INFO - 当前页面处于密码填写页面的可能性为: 0.00%
2022-04-27 12:14:20,170 - Recorder - INFO - 当前页面处于密码填写页面的可能性为: 0.00%
2022-04-27 12:14:21,183 - Recorder - INFO - 当前页面处于密码填写页面的可能性为: 0.00%
2022-04-27 12:14:22,192 - Recorder - INFO - 当前页面处于密码填写页面的可能性为: 0.00%
2022-04-27 12:14:23,205 - Recorder - INFO - 当前页面处于密码填写页面的可能性为: 0.00%
2022-04-27 12:14:24,219 - Recorder - INFO - 当前页面处于密码填写页面的可能性为: 0.00%
2022-04-27 12:14:25,233 - Recorder - INFO - 当前页面处于密码填写页面的可能性为: 0.00%
2022-04-27 12:14:26,249 - Recorder - INFO - 当前页面处于密码填写页面的可能性为: 0.00%
2022-04-27 12:14:27,267 - Recorder - INFO - 当前页面处于密码填写页面的可能性为: 0.00%
2022-04-27 12:14:28,288 - Recorder - INFO - 当前页面处于密码填写页面的可能性为: 0.00%
2022-04-27 12:14:29,298 - Recorder - INFO - 当前页面处于密码填写页面的可能性为: 0.00%
2022-04-27 12:14:30,307 - Recorder - INFO - 当前页面处于密码填写页面的可能性为: 0.00%
2022-04-27 12:14:31,324 - Recorder - INFO - 当前页面处于密码填写页面的可能性为: 0.00%
2022-04-27 12:14:32,336 - Recorder - INFO - 当前页面处于密码填写页面的可能性为: 0.00%
2022-04-27 12:14:33,346 - Recorder - INFO - 当前页面处于密码填写页面的可能性为: 0.00%
2022-04-27 12:14:34,357 - Recorder - INFO - 当前页面处于密码填写页面的可能性为: 0.00%
2022-04-27 12:14:35,371 - Recorder - INFO - 当前页面处于密码填写页面的可能性为: 0.00%
2022-04-27 12:14:36,387 - Recorder - INFO - 当前页面处于密码填写页面的可能性为: 0.00%
2022-04-27 12:14:37,401 - Recorder - INFO - 当前页面处于密码填写页面的可能性为: 0.00%
2022-04-27 12:14:38,415 - Recorder - INFO - 当前页面处于密码填写页面的可能性为: 0.00%
2022-04-27 12:14:39,429 - Recorder - INFO - 当前页面处于密码填写页面的可能性为: 0.00%
2022-04-27 12:14:40,441 - Recorder - INFO - 当前页面处于密码填写页面的可能性为: 0.00%
2022-04-27 12:14:41,454 - Recorder - INFO - 当前页面处于密码填写页面的可能性为: 0.00%
2022-04-27 12:14:42,465 - Recorder - INFO - 当前页面处于密码填写页面的可能性为: 0.00%
2022-04-27 12:14:43,469 - Recorder - INFO - 当前页面处于密码填写页面的可能性为: 0.00%
2022-04-27 12:14:44,481 - Recorder - INFO - 当前页面处于密码填写页面的可能性为: 0.00%
2022-04-27 12:14:45,494 - Recorder - INFO - 当前页面处于密码填写页面的可能性为: 0.00%
2022-04-27 12:14:46,507 - Recorder - INFO - 当前页面处于密码填写页面的可能性为: 0.00%
2022-04-27 12:14:47,523 - Recorder - INFO - 当前页面处于密码填写页面的可能性为: 0.00%
2022-04-27 12:14:48,533 - Recorder - INFO - 当前页面处于密码填写页面的可能性为: 0.00%
2022-04-27 12:14:49,549 - Recorder - INFO - 当前页面处于密码填写页面的可能性为: 0.00%
2022-04-27 12:14:50,562 - Recorder - INFO - 当前页面处于密码填写页面的可能性为: 0.00%
2022-04-27 12:14:51,578 - Recorder - INFO - 当前页面处于密码填写页面的可能性为: 0.00%
2022-04-27 12:14:52,593 - Recorder - INFO - 当前页面处于密码填写页面的可能性为: 0.00%
2022-04-27 12:14:53,607 - Recorder - INFO - 当前页面处于密码填写页面的可能性为: 0.00%
2022-04-27 12:14:54,623 - Recorder - INFO - 当前页面处于密码填写页面的可能性为: 0.00%
2022-04-27 12:14:55,637 - Recorder - INFO - 当前页面处于密码填写页面的可能性为: 0.00%
2022-04-27 12:14:56,651 - Recorder - INFO - 当前页面处于密码填写页面的可能性为: 0.00%
2022-04-27 12:14:57,662 - Recorder - INFO - 当前页面处于密码填写页面的可能性为: 0.00%
2022-04-27 12:14:58,669 - Recorder - INFO - 当前页面处于密码填写页面的可能性为: 0.00%
2022-04-27 12:14:59,681 - Recorder - INFO - 当前页面处于密码填写页面的可能性为: 0.00%
2022-04-27 12:15:00,689 - Recorder - INFO - 当前页面处于密码填写页面的可能性为: 0.00%
2022-04-27 12:15:01,691 - Recorder - INFO - 当前页面处于密码填写页面的可能性为: 0.00%
2022-04-27 12:15:02,695 - Recorder - INFO - 当前页面处于密码填写页面的可能性为: 0.00%
2022-04-27 12:21:36,960 - Recorder - INFO - OBS Studio未运行
2022-04-27 12:21:36,960 - Recorder - INFO - 启动OBS Studio
2022-04-27 12:21:37,141 - Recorder - INFO - 启动Zoom
2022-04-27 12:21:38,001 - Recorder - INFO - 程序启动成功，5秒后继续
2022-04-27 12:21:43,008 - Recorder - INFO - 程序窗口检测结束，启动成功
2022-04-27 12:21:43,014 - Recorder - INFO - 开始监测程录屏软件启动进程
2022-04-27 12:21:43,146 - Recorder - INFO - OBS窗口检测启动成功
2022-04-27 12:21:43,248 - Recorder - INFO - OBS开始录制
2022-04-27 12:21:43,249 - Recorder - INFO - 开始监测Zoom程序启动进度
2022-04-27 12:21:43,369 - Recorder - INFO - 正在检查Zoom当前页面
2022-04-27 12:21:43,504 - Recorder - INFO - 当前页面处于主页的可能性为: 100.00%
2022-04-27 12:21:43,505 - Recorder - INFO - 最大化前置Zoom
2022-04-27 12:21:43,644 - Recorder - INFO - 点击成功，等待5秒
2022-04-27 12:21:48,668 - Recorder - INFO - 当前页面处于会议填写页面的可能性为: 100.00%
2022-04-27 12:21:48,669 - Recorder - INFO - 正在输入会议号
2022-04-27 12:22:18,721 - Recorder - INFO - OBS Studio未运行
2022-04-27 12:22:18,736 - Recorder - INFO - 启动OBS Studio
2022-04-27 12:22:18,878 - Recorder - INFO - 启动Zoom
2022-04-27 12:22:19,367 - Recorder - INFO - 程序启动成功，5秒后继续
2022-04-27 12:22:24,368 - Recorder - INFO - 程序窗口检测结束，启动成功
2022-04-27 12:22:24,369 - Recorder - INFO - 开始监测程录屏软件启动进程
2022-04-27 12:22:24,472 - Recorder - INFO - OBS窗口检测启动成功
2022-04-27 12:22:24,574 - Recorder - INFO - OBS开始录制
2022-04-27 12:22:24,575 - Recorder - INFO - 开始监测Zoom程序启动进度
2022-04-27 12:22:24,681 - Recorder - INFO - 正在检查Zoom当前页面
2022-04-27 12:22:24,781 - Recorder - INFO - 当前页面处于主页的可能性为: 100.00%
2022-04-27 12:22:24,781 - Recorder - INFO - 最大化前置Zoom
2022-04-27 12:22:24,819 - Recorder - INFO - 最大化前置Zoom
2022-04-27 12:22:24,880 - Recorder - INFO - 点击成功，等待5秒
2022-04-27 12:22:29,889 - Recorder - INFO - 当前页面处于会议填写页面的可能性为: 100.00%
2022-04-27 12:22:29,889 - Recorder - INFO - 正在输入会议号
2022-04-27 12:22:35,097 - Recorder - INFO - 等待5秒
2022-04-27 12:22:40,107 - Recorder - INFO - 当前页面处于密码填写页面的可能性为: 0.00%
2022-04-27 12:22:41,125 - Recorder - INFO - 当前页面处于密码填写页面的可能性为: 0.00%
2022-04-27 12:22:42,139 - Recorder - INFO - 当前页面处于密码填写页面的可能性为: 0.00%
2022-04-27 12:22:43,152 - Recorder - INFO - 当前页面处于密码填写页面的可能性为: 0.00%
2022-04-27 12:22:44,165 - Recorder - INFO - 当前页面处于密码填写页面的可能性为: 0.00%
2022-04-27 12:22:45,180 - Recorder - INFO - 当前页面处于密码填写页面的可能性为: 0.00%
2022-04-27 12:22:46,193 - Recorder - INFO - 当前页面处于密码填写页面的可能性为: 0.00%
2022-04-27 12:22:47,202 - Recorder - INFO - 当前页面处于密码填写页面的可能性为: 0.00%
2022-04-27 12:22:48,208 - Recorder - INFO - 当前页面处于密码填写页面的可能性为: 0.00%
2022-04-27 12:22:49,212 - Recorder - INFO - 当前页面处于密码填写页面的可能性为: 0.00%
2022-04-27 12:22:50,217 - Recorder - INFO - 当前页面处于密码填写页面的可能性为: 0.00%
2022-04-27 12:22:51,217 - Recorder - INFO - 当前页面处于密码填写页面的可能性为: 0.00%
2022-04-27 12:22:52,217 - Recorder - INFO - 当前页面处于密码填写页面的可能性为: 0.00%
2022-04-27 12:25:03,221 - Recorder - INFO - OBS Studio未运行
2022-04-27 12:25:03,221 - Recorder - INFO - 启动OBS Studio
2022-04-27 12:25:03,377 - Recorder - INFO - 启动Zoom
2022-04-27 12:25:04,150 - Recorder - INFO - 程序启动成功，5秒后继续
2022-04-27 12:25:12,253 - Recorder - INFO - OBS Studio未运行
2022-04-27 12:25:12,269 - Recorder - INFO - 启动OBS Studio
2022-04-27 12:25:12,409 - Recorder - INFO - 启动Zoom
2022-04-27 12:25:13,185 - Recorder - INFO - 程序启动成功，5秒后继续
2022-04-27 12:25:18,188 - Recorder - INFO - 程序窗口检测结束，启动成功
2022-04-27 12:25:18,190 - Recorder - INFO - 开始监测程录屏软件启动进程
2022-04-27 12:25:18,314 - Recorder - INFO - OBS窗口检测启动成功
2022-04-27 12:25:18,316 - Recorder - INFO - 开始监测Zoom程序启动进度
2022-04-27 12:25:18,444 - Recorder - INFO - 正在检查Zoom当前页面
2022-04-27 12:25:18,585 - Recorder - INFO - 当前页面处于主页的可能性为: 100.00%
2022-04-27 12:25:20,770 - Recorder - INFO - OBS开始录制
2022-04-27 12:25:21,840 - Recorder - INFO - 最大化前置Zoom
2022-04-27 12:25:23,010 - Recorder - INFO - 点击成功，等待5秒
2022-04-27 12:25:28,054 - Recorder - INFO - 当前页面处于会议填写页面的可能性为: 100.00%
2022-04-27 12:25:28,055 - Recorder - INFO - 正在输入会议号
2022-04-27 12:25:33,267 - Recorder - INFO - 等待5秒
2022-04-27 12:25:38,275 - Recorder - INFO - 当前页面处于密码填写页面的可能性为: 0.00%
2022-04-27 12:25:39,291 - Recorder - INFO - 当前页面处于密码填写页面的可能性为: 0.00%
2022-04-27 12:26:36,169 - Recorder - INFO - OBS Studio未运行
2022-04-27 12:26:36,169 - Recorder - INFO - 启动OBS Studio
2022-04-27 12:26:36,316 - Recorder - INFO - 启动Zoom
2022-04-27 12:26:36,868 - Recorder - INFO - 程序启动成功，5秒后继续
2022-04-27 12:26:41,870 - Recorder - INFO - 程序窗口检测结束，启动成功
2022-04-27 12:26:41,871 - Recorder - INFO - 开始监测程录屏软件启动进程
2022-04-27 12:26:42,202 - Recorder - INFO - OBS窗口检测启动成功
2022-04-27 12:26:42,204 - Recorder - INFO - 开始监测Zoom程序启动进度
2022-04-27 12:26:42,326 - Recorder - INFO - 正在检查Zoom当前页面
2022-04-27 12:26:42,440 - Recorder - INFO - 当前页面处于主页的可能性为: 100.00%
2022-04-27 12:26:44,586 - Recorder - INFO - OBS开始录制
2022-04-27 12:26:45,659 - Recorder - INFO - 最大化前置Zoom
2022-04-27 12:26:46,868 - Recorder - INFO - 点击成功，等待5秒
2022-04-27 12:26:51,906 - Recorder - INFO - 当前页面处于会议填写页面的可能性为: 100.00%
2022-04-27 12:26:51,907 - Recorder - INFO - 正在输入会议号
2022-04-27 12:26:57,129 - Recorder - INFO - 等待5秒
2022-04-27 12:26:57,139 - Recorder - INFO - 当前页面处于会议填写页面的可能性为: 0.00%
2022-04-27 12:26:58,150 - Recorder - INFO - 当前页面处于会议填写页面的可能性为: 0.00%
2022-04-27 12:26:59,156 - Recorder - INFO - 当前页面处于会议填写页面的可能性为: 0.00%
2022-04-27 12:27:00,166 - Recorder - INFO - 当前页面处于会议填写页面的可能性为: 0.00%
2022-04-27 12:27:01,178 - Recorder - INFO - 当前页面处于会议填写页面的可能性为: 0.00%
2022-04-27 12:27:02,185 - Recorder - INFO - 当前页面处于会议填写页面的可能性为: 0.00%
2022-04-27 12:27:03,199 - Recorder - INFO - 当前页面处于会议填写页面的可能性为: 0.00%
2022-04-27 12:27:04,214 - Recorder - INFO - 当前页面处于会议填写页面的可能性为: 0.00%
2022-04-27 12:27:05,220 - Recorder - INFO - 当前页面处于会议填写页面的可能性为: 0.00%
2022-04-27 12:27:06,231 - Recorder - INFO - 当前页面处于会议填写页面的可能性为: 0.00%
2022-04-27 12:27:07,237 - Recorder - INFO - 当前页面处于会议填写页面的可能性为: 0.00%
2022-04-27 12:27:08,255 - Recorder - INFO - 当前页面处于会议填写页面的可能性为: 0.00%
2022-04-27 12:27:09,258 - Recorder - INFO - 当前页面处于会议填写页面的可能性为: 0.00%
2022-04-27 12:27:10,261 - Recorder - INFO - 当前页面处于会议填写页面的可能性为: 0.00%
2022-04-27 12:27:11,272 - Recorder - INFO - 当前页面处于会议填写页面的可能性为: 0.00%
2022-04-27 12:27:12,282 - Recorder - INFO - 当前页面处于会议填写页面的可能性为: 0.00%
2022-04-27 12:27:13,291 - Recorder - INFO - 当前页面处于会议填写页面的可能性为: 0.00%
2022-04-27 12:27:14,308 - Recorder - INFO - 当前页面处于会议填写页面的可能性为: 0.00%
2022-04-27 12:27:15,312 - Recorder - INFO - 当前页面处于会议填写页面的可能性为: 0.00%
2022-04-27 12:27:16,316 - Recorder - INFO - 当前页面处于会议填写页面的可能性为: 0.00%
2022-04-27 12:27:17,324 - Recorder - INFO - 当前页面处于会议填写页面的可能性为: 0.00%
2022-04-27 12:27:18,329 - Recorder - INFO - 当前页面处于会议填写页面的可能性为: 0.00%
2022-04-27 12:27:19,335 - Recorder - INFO - 当前页面处于会议填写页面的可能性为: 0.00%
2022-04-27 12:27:20,344 - Recorder - INFO - 当前页面处于会议填写页面的可能性为: 0.00%
2022-04-27 12:27:21,349 - Recorder - INFO - 当前页面处于会议填写页面的可能性为: 0.00%
2022-04-27 12:27:22,356 - Recorder - INFO - 当前页面处于会议填写页面的可能性为: 0.00%
2022-04-27 12:27:23,364 - Recorder - INFO - 当前页面处于会议填写页面的可能性为: 0.00%
2022-04-27 12:27:24,376 - Recorder - INFO - 当前页面处于会议填写页面的可能性为: 0.00%
2022-04-27 12:27:25,381 - Recorder - INFO - 当前页面处于会议填写页面的可能性为: 0.00%
2022-04-27 12:27:26,411 - Recorder - INFO - 当前页面处于会议填写页面的可能性为: 0.00%
2022-04-27 12:27:27,447 - Recorder - INFO - 当前页面处于会议填写页面的可能性为: 0.00%
2022-04-27 12:27:28,458 - Recorder - INFO - 当前页面处于会议填写页面的可能性为: 0.00%
2022-04-27 12:27:29,462 - Recorder - INFO - 当前页面处于会议填写页面的可能性为: 0.00%
2022-04-27 12:27:30,497 - Recorder - INFO - 当前页面处于会议填写页面的可能性为: 100.00%
2022-04-27 12:27:30,517 - Recorder - INFO - 正在输入会议密码
2022-04-27 12:27:51,339 - Recorder - INFO - OBS Studio未运行
2022-04-27 12:27:51,339 - Recorder - INFO - 启动OBS Studio
2022-04-27 12:27:51,496 - Recorder - INFO - 启动Zoom
2022-04-27 12:27:52,278 - Recorder - INFO - 程序启动成功，5秒后继续
2022-04-27 12:27:57,280 - Recorder - INFO - 程序窗口检测结束，启动成功
2022-04-27 12:27:57,282 - Recorder - INFO - 开始监测程录屏软件启动进程
2022-04-27 12:27:57,612 - Recorder - INFO - OBS窗口检测启动成功
2022-04-27 12:27:57,613 - Recorder - INFO - 开始监测Zoom程序启动进度
2022-04-27 12:27:57,772 - Recorder - INFO - 正在检查Zoom当前页面
2022-04-27 12:27:57,941 - Recorder - INFO - 当前页面处于主页的可能性为: 100.00%
2022-04-27 12:28:00,056 - Recorder - INFO - OBS开始录制
2022-04-27 12:28:01,091 - Recorder - INFO - 最大化前置Zoom
2022-04-27 12:28:02,364 - Recorder - INFO - 点击成功，等待5秒
2022-04-27 12:28:07,423 - Recorder - INFO - 当前页面处于会议填写页面的可能性为: 100.00%
2022-04-27 12:28:07,424 - Recorder - INFO - 正在输入会议号
2022-04-27 12:28:12,636 - Recorder - INFO - 等待5秒
2022-04-27 12:28:12,661 - Recorder - INFO - 当前页面处于会议填写页面的可能性为: 100.00%
2022-04-27 12:28:12,662 - Recorder - INFO - 正在输入会议密码
2022-04-27 12:28:31,239 - Recorder - INFO - OBS Studio未运行
2022-04-27 12:28:31,239 - Recorder - INFO - 启动OBS Studio
2022-04-27 12:28:31,395 - Recorder - INFO - 启动Zoom
2022-04-27 12:28:32,175 - Recorder - INFO - 程序启动成功，5秒后继续
2022-04-27 12:28:37,178 - Recorder - INFO - 程序窗口检测结束，启动成功
2022-04-27 12:28:37,178 - Recorder - INFO - 开始监测程录屏软件启动进程
2022-04-27 12:28:37,557 - Recorder - INFO - OBS窗口检测启动成功
2022-04-27 12:28:37,559 - Recorder - INFO - 开始监测Zoom程序启动进度
2022-04-27 12:28:37,703 - Recorder - INFO - 正在检查Zoom当前页面
2022-04-27 12:28:37,855 - Recorder - INFO - 当前页面处于主页的可能性为: 100.00%
2022-04-27 12:28:40,016 - Recorder - INFO - OBS开始录制
2022-04-27 12:28:41,098 - Recorder - INFO - 最大化前置Zoom
2022-04-27 12:28:42,226 - Recorder - INFO - 点击成功，等待5秒
2022-04-27 12:28:47,259 - Recorder - INFO - 当前页面处于会议填写页面的可能性为: 100.00%
2022-04-27 12:28:47,259 - Recorder - INFO - 正在输入会议号
2022-04-27 12:28:52,475 - Recorder - INFO - 等待5秒
2022-04-27 12:28:57,519 - Recorder - INFO - 当前页面处于会议填写页面的可能性为: 100.00%
2022-04-27 12:28:57,519 - Recorder - INFO - 正在输入会议密码
2022-04-27 12:29:51,470 - Recorder - INFO - OBS Studio未运行
2022-04-27 12:29:51,470 - Recorder - INFO - 启动OBS Studio
2022-04-27 12:29:51,626 - Recorder - INFO - 启动Zoom
2022-04-27 12:29:52,403 - Recorder - INFO - 程序启动成功，1秒后继续
2022-04-27 12:31:25,803 - Recorder - INFO - OBS Studio未运行
2022-04-27 12:31:25,803 - Recorder - INFO - 启动OBS Studio
2022-04-27 12:31:25,950 - Recorder - INFO - 启动Zoom
2022-04-27 12:31:26,778 - Recorder - INFO - 程序启动成功，5秒后继续
2022-04-27 12:31:31,779 - Recorder - INFO - 程序窗口检测结束，启动成功
2022-04-27 12:31:31,780 - Recorder - INFO - 开始监测程录屏软件启动进程
2022-04-27 12:31:32,045 - Recorder - INFO - OBS窗口检测启动成功
2022-04-27 12:31:32,047 - Recorder - INFO - 开始监测Zoom程序启动进度
2022-04-27 12:31:32,153 - Recorder - INFO - 正在检查Zoom当前页面
2022-04-27 12:31:32,255 - Recorder - INFO - 当前页面处于主页的可能性为: 100.00%
2022-04-27 12:31:34,356 - Recorder - INFO - OBS开始录制
2022-04-27 12:31:35,357 - Recorder - INFO - 最大化前置Zoom
2022-04-27 12:31:36,407 - Recorder - INFO - 点击成功，等待5秒
2022-04-27 12:31:41,436 - Recorder - INFO - 当前页面处于会议填写页面的可能性为: 100.00%
2022-04-27 12:31:41,436 - Recorder - INFO - 正在输入会议号
2022-04-27 12:31:46,652 - Recorder - INFO - 等待5秒
2022-04-27 12:31:51,687 - Recorder - INFO - 当前页面处于密码填写页面的可能性为: 100.00%
2022-04-27 12:31:51,687 - Recorder - INFO - 正在输入会议密码
2022-04-27 12:55:23,781 - Recorder - INFO - OBS Studio未运行
2022-04-27 12:55:23,796 - Recorder - INFO - 启动OBS Studio
2022-04-27 12:55:23,937 - Recorder - INFO - 启动Zoom
2022-04-27 12:55:24,434 - Recorder - INFO - 程序启动成功，5秒后继续
2022-04-27 12:55:29,441 - Recorder - INFO - 程序窗口检测结束，启动成功
2022-04-27 12:55:29,442 - Recorder - INFO - 开始监测程录屏软件启动进程
2022-04-27 12:55:29,816 - Recorder - INFO - OBS窗口检测启动成功
2022-04-27 12:55:29,820 - Recorder - INFO - 开始监测Zoom程序启动进度
2022-04-27 12:56:52,672 - Recorder - INFO - OBS Studio未运行
2022-04-27 12:56:52,672 - Recorder - INFO - 启动OBS Studio
2022-04-27 12:56:52,829 - Recorder - INFO - 启动Zoom
2022-04-27 12:56:53,547 - Recorder - INFO - 程序启动成功，5秒后继续
2022-04-27 12:56:58,549 - Recorder - INFO - 程序窗口检测结束，启动成功
2022-04-27 12:56:58,550 - Recorder - INFO - 开始监测程录屏软件启动进程
2022-04-27 12:56:58,913 - Recorder - INFO - OBS窗口检测启动成功
2022-04-27 12:56:58,914 - Recorder - INFO - 开始监测Zoom程序启动进度
2022-04-27 12:56:59,055 - Recorder - INFO - 当前页面处于主页的可能性为: 100.00%
2022-04-27 12:57:01,206 - Recorder - INFO - OBS开始录制
2022-04-27 12:57:02,317 - Recorder - INFO - 最大化前置Zoom
2022-04-27 12:57:03,502 - Recorder - INFO - 点击成功，等待5秒
2022-04-27 12:57:08,538 - Recorder - INFO - 当前页面处于会议填写页面的可能性为: 100.00%
2022-04-27 12:57:08,538 - Recorder - INFO - 正在输入会议号
2022-04-27 12:57:13,773 - Recorder - INFO - 等待5秒
2022-04-27 12:57:18,819 - Recorder - INFO - 当前页面处于密码填写页面的可能性为: 100.00%
2022-04-27 12:57:18,819 - Recorder - INFO - 正在输入会议密码
2022-04-27 12:57:32,042 - Recorder - INFO - 会议结束，正在结束录制
